#
# There is insufficient memory for the Java Runtime Environment to continue.
# Native memory allocation (mmap) failed to map 25165824 bytes for G1 virtual space
# Possible reasons:
#   The system is out of physical RAM or swap space
#   The process is running with CompressedOops enabled, and the Java Heap may be blocking the growth of the native heap
# Possible solutions:
#   Reduce memory load on the system
#   Increase physical memory or swap space
#   Check if swap backing store is full
#   Decrease Java heap size (-Xmx/-Xms)
#   Decrease number of Java threads
#   Decrease Java thread stack sizes (-Xss)
#   Set larger code cache with -XX:ReservedCodeCacheSize=
#   JVM is running with Zero Based Compressed Oops mode in which the Java heap is
#     placed in the first 32GB address space. The Java Heap base address is the
#     maximum limit for the native heap growth. Please use -XX:HeapBaseMinAddress
#     to set the Java Heap base and to place the Java Heap above 32GB virtual address.
# This output file may be truncated or incomplete.
#
#  Out of Memory Error (os_windows.cpp:3771), pid=16660, tid=18292
#
# JRE version: OpenJDK Runtime Environment (17.0.7) (build 17.0.7+0-b2043.56-10550314)
# Java VM: OpenJDK 64-Bit Server VM (17.0.7+0-b2043.56-10550314, mixed mode, tiered, compressed oops, compressed class ptrs, g1 gc, windows-amd64)
# No core dump will be written. Minidumps are not enabled by default on client versions of Windows
#

---------------  S U M M A R Y ------------

Command Line: org.jetbrains.kotlin.cli.jvm.K2JVMCompiler @C:\Users\pawan\AndroidStudioProjects\WishlistApp\app\build\20240929_18122408188295019075.compiler.options

Host: Intel(R) Core(TM) i3-10110U CPU @ 2.10GHz, 4 cores, 11G,  Windows 11 , 64 bit Build 22621 (10.0.22621.4000)
Time: Sun Sep 29 23:21:55 2024 India Standard Time elapsed time: 8.262864 seconds (0d 0h 0m 8s)

---------------  T H R E A D  ---------------

Current thread (0x0000022898821a70):  VMThread "VM Thread" [stack: 0x000000f916400000,0x000000f916500000] [id=18292]

Stack: [0x000000f916400000,0x000000f916500000]
Native frames: (J=compiled Java code, j=interpreted, Vv=VM code, C=native code)
V  [jvm.dll+0x683bfa]
V  [jvm.dll+0x8430a4]
V  [jvm.dll+0x8449be]
V  [jvm.dll+0x845023]
V  [jvm.dll+0x24ad2f]
V  [jvm.dll+0x680ac9]
V  [jvm.dll+0x67519a]
V  [jvm.dll+0x30b3cb]
V  [jvm.dll+0x312876]
V  [jvm.dll+0x36221e]
V  [jvm.dll+0x36244f]
V  [jvm.dll+0x2e14a8]
V  [jvm.dll+0x2df684]
V  [jvm.dll+0x2dec8c]
V  [jvm.dll+0x32382b]
V  [jvm.dll+0x8496eb]
V  [jvm.dll+0x84a424]
V  [jvm.dll+0x84a93d]
V  [jvm.dll+0x84ad14]
V  [jvm.dll+0x84ade0]
V  [jvm.dll+0x7f2aea]
V  [jvm.dll+0x682a35]
C  [ucrtbase.dll+0x29333]
C  [KERNEL32.DLL+0x1257d]
C  [ntdll.dll+0x5af28]

VM_Operation (0x000000f915efd250): G1CollectForAllocation, mode: safepoint, requested by thread 0x00000228fcb82a80


---------------  P R O C E S S  ---------------

Threads class SMR info:
_java_thread_list=0x000002289dc1cfd0, length=13, elements={
0x00000228fcb82a80, 0x00000228986e4a10, 0x00000228986e76a0, 0x0000022898840400,
0x0000022898841dd0, 0x0000022898864930, 0x00000228988651f0, 0x00000228988664a0,
0x0000022898875c40, 0x0000022898880770, 0x00000228989e57c0, 0x00000228989fced0,
0x000002289eb878e0
}

Java Threads: ( => current thread )
  0x00000228fcb82a80 JavaThread "main" [_thread_blocked, id=18372, stack(0x000000f915e00000,0x000000f915f00000)]
  0x00000228986e4a10 JavaThread "Reference Handler" daemon [_thread_blocked, id=15668, stack(0x000000f916500000,0x000000f916600000)]
  0x00000228986e76a0 JavaThread "Finalizer" daemon [_thread_blocked, id=14432, stack(0x000000f916600000,0x000000f916700000)]
  0x0000022898840400 JavaThread "Signal Dispatcher" daemon [_thread_blocked, id=3384, stack(0x000000f916700000,0x000000f916800000)]
  0x0000022898841dd0 JavaThread "Attach Listener" daemon [_thread_blocked, id=3980, stack(0x000000f916800000,0x000000f916900000)]
  0x0000022898864930 JavaThread "Service Thread" daemon [_thread_blocked, id=16200, stack(0x000000f916900000,0x000000f916a00000)]
  0x00000228988651f0 JavaThread "Monitor Deflation Thread" daemon [_thread_blocked, id=7076, stack(0x000000f916a00000,0x000000f916b00000)]
  0x00000228988664a0 JavaThread "C2 CompilerThread0" daemon [_thread_blocked, id=1988, stack(0x000000f916b00000,0x000000f916c00000)]
  0x0000022898875c40 JavaThread "C1 CompilerThread0" daemon [_thread_blocked, id=7720, stack(0x000000f916c00000,0x000000f916d00000)]
  0x0000022898880770 JavaThread "Sweeper thread" daemon [_thread_blocked, id=6840, stack(0x000000f916d00000,0x000000f916e00000)]
  0x00000228989e57c0 JavaThread "Notification Thread" daemon [_thread_blocked, id=8076, stack(0x000000f916e00000,0x000000f916f00000)]
  0x00000228989fced0 JavaThread "Common-Cleaner" daemon [_thread_blocked, id=7892, stack(0x000000f917000000,0x000000f917100000)]
  0x000002289eb878e0 JavaThread "C2 CompilerThread1" daemon [_thread_in_native, id=1216, stack(0x000000f917100000,0x000000f917200000)]

Other Threads:
=>0x0000022898821a70 VMThread "VM Thread" [stack: 0x000000f916400000,0x000000f916500000] [id=18292]
  0x00000228fcbece90 WatcherThread [stack: 0x000000f916f00000,0x000000f917000000] [id=1648]
  0x00000228fcbd85d0 GCTaskThread "GC Thread#0" [stack: 0x000000f915f00000,0x000000f916000000] [id=2940]
  0x0000022898a09e10 GCTaskThread "GC Thread#1" [stack: 0x000000f917200000,0x000000f917300000] [id=10560]
  0x0000022898a098b0 GCTaskThread "GC Thread#2" [stack: 0x000000f917300000,0x000000f917400000] [id=14356]
  0x0000022898a0a0c0 GCTaskThread "GC Thread#3" [stack: 0x000000f917400000,0x000000f917500000] [id=18368]
  0x00000228fcbe51a0 ConcurrentGCThread "G1 Main Marker" [stack: 0x000000f916000000,0x000000f916100000] [id=16184]
  0x00000228fcbe6260 ConcurrentGCThread "G1 Conc#0" [stack: 0x000000f916100000,0x000000f916200000] [id=1208]
  0x00000228fcc27060 ConcurrentGCThread "G1 Refine#0" [stack: 0x000000f916200000,0x000000f916300000] [id=3924]
  0x00000228fcc27990 ConcurrentGCThread "G1 Service" [stack: 0x000000f916300000,0x000000f916400000] [id=11356]

Threads with active compile tasks:
C2 CompilerThread0     8280 6700  s!   4       jdk.internal.loader.URLClassPath::getLoader (194 bytes)
C2 CompilerThread1     8280 6612   !   4       jdk.internal.loader.BuiltinClassLoader::findClassOnClassPathOrNull (64 bytes)

VM state: at safepoint (normal execution)

VM Mutex/Monitor currently owned by a thread:  ([mutex/lock_event])
[0x00000228fcb7ff70] Threads_lock - owner thread: 0x0000022898821a70
[0x00000228fcb7f430] Heap_lock - owner thread: 0x00000228fcb82a80

Heap address: 0x0000000742800000, size: 3032 MB, Compressed Oops mode: Zero based, Oop shift amount: 3

CDS archive(s) not mapped
Compressed class space mapped at: 0x0000000800000000-0x0000000840000000, reserved size: 1073741824
Narrow klass base: 0x0000000800000000, Narrow klass shift: 0, Narrow klass range: 0x40000000

GC Precious Log:
 CPUs: 4 total, 4 available
 Memory: 12122M
 Large Page Support: Disabled
 NUMA Support: Disabled
 Compressed Oops: Enabled (Zero based)
 Heap Region Size: 2M
 Heap Min Capacity: 8M
 Heap Initial Capacity: 190M
 Heap Max Capacity: 3032M
 Pre-touch: Disabled
 Parallel Workers: 4
 Concurrent Workers: 1
 Concurrent Refinement Workers: 4
 Periodic GC: Disabled

Heap:
 garbage-first heap   total 90112K, used 51614K [0x0000000742800000, 0x0000000800000000)
  region size 2048K, 2 young (4096K), 2 survivors (4096K)
 Metaspace       used 64791K, committed 65024K, reserved 1114112K
  class space    used 7576K, committed 7680K, reserved 1048576K

Heap Regions: E=young(eden), S=young(survivor), O=old, HS=humongous(starts), HC=humongous(continues), CS=collection set, F=free, OA=open archive, CA=closed archive, TAMS=top-at-mark-start (previous, next)
|   0|0x0000000742800000, 0x0000000742a00000, 0x0000000742a00000|100%|HS|  |TAMS 0x0000000742a00000, 0x0000000742a00000| Complete 
|   1|0x0000000742a00000, 0x0000000742c00000, 0x0000000742c00000|100%|HC|  |TAMS 0x0000000742c00000, 0x0000000742c00000| Complete 
|   2|0x0000000742c00000, 0x0000000742ddbe00, 0x0000000742e00000| 92%| O|  |TAMS 0x0000000742ddbe00, 0x0000000742ddbe00| Untracked 
|   3|0x0000000742e00000, 0x0000000743000000, 0x0000000743000000|100%| O|  |TAMS 0x0000000743000000, 0x0000000743000000| Untracked 
|   4|0x0000000743000000, 0x0000000743200000, 0x0000000743200000|100%| O|  |TAMS 0x0000000743200000, 0x0000000743200000| Untracked 
|   5|0x0000000743200000, 0x0000000743400000, 0x0000000743400000|100%| O|  |TAMS 0x0000000743400000, 0x0000000743400000| Untracked 
|   6|0x0000000743400000, 0x0000000743600000, 0x0000000743600000|100%| O|  |TAMS 0x0000000743600000, 0x0000000743600000| Untracked 
|   7|0x0000000743600000, 0x0000000743800000, 0x0000000743800000|100%|HS|  |TAMS 0x0000000743800000, 0x0000000743800000| Complete 
|   8|0x0000000743800000, 0x0000000743a00000, 0x0000000743a00000|100%| O|  |TAMS 0x0000000743a00000, 0x0000000743a00000| Untracked 
|   9|0x0000000743a00000, 0x0000000743c00000, 0x0000000743c00000|100%| O|  |TAMS 0x0000000743c00000, 0x0000000743c00000| Untracked 
|  10|0x0000000743c00000, 0x0000000743e00000, 0x0000000743e00000|100%| O|  |TAMS 0x0000000743e00000, 0x0000000743e00000| Untracked 
|  11|0x0000000743e00000, 0x0000000744000000, 0x0000000744000000|100%| O|  |TAMS 0x0000000744000000, 0x0000000744000000| Untracked 
|  12|0x0000000744000000, 0x0000000744200000, 0x0000000744200000|100%| O|  |TAMS 0x0000000744200000, 0x0000000744200000| Untracked 
|  13|0x0000000744200000, 0x0000000744400000, 0x0000000744400000|100%| O|  |TAMS 0x0000000744400000, 0x0000000744400000| Untracked 
|  14|0x0000000744400000, 0x0000000744600000, 0x0000000744600000|100%| O|  |TAMS 0x0000000744600000, 0x0000000744600000| Untracked 
|  15|0x0000000744600000, 0x0000000744800000, 0x0000000744800000|100%| O|  |TAMS 0x0000000744800000, 0x0000000744800000| Untracked 
|  16|0x0000000744800000, 0x0000000744a00000, 0x0000000744a00000|100%| O|  |TAMS 0x0000000744a00000, 0x0000000744a00000| Untracked 
|  17|0x0000000744a00000, 0x0000000744c00000, 0x0000000744c00000|100%| O|  |TAMS 0x0000000744c00000, 0x0000000744c00000| Untracked 
|  18|0x0000000744c00000, 0x0000000744e00000, 0x0000000744e00000|100%| O|  |TAMS 0x0000000744e00000, 0x0000000744e00000| Untracked 
|  19|0x0000000744e00000, 0x0000000745000000, 0x0000000745000000|100%| O|  |TAMS 0x0000000745000000, 0x0000000745000000| Untracked 
|  20|0x0000000745000000, 0x0000000745200000, 0x0000000745200000|100%| O|  |TAMS 0x0000000745200000, 0x0000000745200000| Untracked 
|  21|0x0000000745200000, 0x0000000745400000, 0x0000000745400000|100%| O|  |TAMS 0x000000074531fa00, 0x0000000745400000| Untracked 
|  22|0x0000000745400000, 0x0000000745600000, 0x0000000745600000|100%| O|  |TAMS 0x0000000745400000, 0x0000000745600000| Untracked 
|  23|0x0000000745600000, 0x000000074576a600, 0x0000000745800000| 70%| O|  |TAMS 0x0000000745600000, 0x000000074576a600| Untracked 
|  24|0x0000000745800000, 0x0000000745800000, 0x0000000745a00000|  0%| F|  |TAMS 0x0000000745800000, 0x0000000745800000| Untracked 
|  25|0x0000000745a00000, 0x0000000745a00000, 0x0000000745c00000|  0%| F|  |TAMS 0x0000000745a00000, 0x0000000745a00000| Untracked 
|  26|0x0000000745c00000, 0x0000000745c00000, 0x0000000745e00000|  0%| F|  |TAMS 0x0000000745c00000, 0x0000000745c00000| Untracked 
|  27|0x0000000745e00000, 0x0000000745e00000, 0x0000000746000000|  0%| F|  |TAMS 0x0000000745e00000, 0x0000000745e00000| Untracked 
|  28|0x0000000746000000, 0x0000000746000000, 0x0000000746200000|  0%| F|  |TAMS 0x0000000746000000, 0x0000000746000000| Untracked 
|  29|0x0000000746200000, 0x0000000746200000, 0x0000000746400000|  0%| F|  |TAMS 0x0000000746200000, 0x0000000746200000| Untracked 
|  30|0x0000000746400000, 0x0000000746400000, 0x0000000746600000|  0%| F|  |TAMS 0x0000000746400000, 0x0000000746400000| Untracked 
|  31|0x0000000746600000, 0x00000007467217e0, 0x0000000746800000| 56%| S|CS|TAMS 0x0000000746600000, 0x0000000746600000| Complete 
|  32|0x0000000746800000, 0x0000000746a00000, 0x0000000746a00000|100%| S|CS|TAMS 0x0000000746800000, 0x0000000746800000| Complete 
|  33|0x0000000746a00000, 0x0000000746a00000, 0x0000000746c00000|  0%| F|  |TAMS 0x0000000746a00000, 0x0000000746a00000| Untracked 
|  34|0x0000000746c00000, 0x0000000746c00000, 0x0000000746e00000|  0%| F|  |TAMS 0x0000000746c00000, 0x0000000746c00000| Untracked 
|  35|0x0000000746e00000, 0x0000000746e00000, 0x0000000747000000|  0%| F|  |TAMS 0x0000000746e00000, 0x0000000746e00000| Untracked 
|  36|0x0000000747000000, 0x0000000747000000, 0x0000000747200000|  0%| F|  |TAMS 0x0000000747000000, 0x0000000747000000| Untracked 
|  37|0x0000000747200000, 0x0000000747200000, 0x0000000747400000|  0%| F|  |TAMS 0x0000000747200000, 0x0000000747200000| Untracked 
|  38|0x0000000747400000, 0x0000000747400000, 0x0000000747600000|  0%| F|  |TAMS 0x0000000747400000, 0x0000000747400000| Untracked 
|  39|0x0000000747600000, 0x0000000747600000, 0x0000000747800000|  0%| F|  |TAMS 0x0000000747600000, 0x0000000747600000| Untracked 
|  76|0x000000074c000000, 0x000000074c000000, 0x000000074c200000|  0%| F|  |TAMS 0x000000074c000000, 0x000000074c000000| Untracked 
|  77|0x000000074c200000, 0x000000074c200000, 0x000000074c400000|  0%| F|  |TAMS 0x000000074c200000, 0x000000074c200000| Untracked 
|  78|0x000000074c400000, 0x000000074c400000, 0x000000074c600000|  0%| F|  |TAMS 0x000000074c400000, 0x000000074c400000| Untracked 
|  94|0x000000074e400000, 0x000000074e400000, 0x000000074e600000|  0%| F|  |TAMS 0x000000074e400000, 0x000000074e400000| Untracked 

Card table byte_map: [0x00000228fd230000,0x00000228fd820000] _byte_map_base: 0x00000228f981c000

Marking Bits (Prev, Next): (CMBitMap*) 0x00000228fcbd8b30, (CMBitMap*) 0x00000228fcbd8af0
 Prev Bits: [0x0000022895370000, 0x00000228982d0000)
 Next Bits: [0x0000022892410000, 0x0000022895370000)

Polling page: 0x00000228fc340000

Metaspace:

Usage:
  Non-class:     55.87 MB used.
      Class:      7.40 MB used.
       Both:     63.27 MB used.

Virtual space:
  Non-class space:       64.00 MB reserved,      56.00 MB ( 88%) committed,  1 nodes.
      Class space:        1.00 GB reserved,       7.50 MB ( <1%) committed,  1 nodes.
             Both:        1.06 GB reserved,      63.50 MB (  6%) committed. 

Chunk freelists:
   Non-Class:  7.98 MB
       Class:  8.50 MB
        Both:  16.48 MB

MaxMetaspaceSize: unlimited
CompressedClassSpaceSize: 1.00 GB
Initial GC threshold: 21.00 MB
Current GC threshold: 95.44 MB
CDS: off
MetaspaceReclaimPolicy: balanced
 - commit_granule_bytes: 65536.
 - commit_granule_words: 8192.
 - virtual_space_node_default_size: 8388608.
 - enlarge_chunks_in_place: 1.
 - new_chunks_are_fully_committed: 0.
 - uncommit_free_chunks: 1.
 - use_allocation_guard: 0.
 - handle_deallocations: 1.


Internal statistics:

num_allocs_failed_limit: 6.
num_arena_births: 208.
num_arena_deaths: 0.
num_vsnodes_births: 2.
num_vsnodes_deaths: 0.
num_space_committed: 1014.
num_space_uncommitted: 0.
num_chunks_returned_to_freelist: 6.
num_chunks_taken_from_freelist: 2128.
num_chunk_merges: 6.
num_chunk_splits: 1833.
num_chunks_enlarged: 1675.
num_inconsistent_stats: 0.

CodeHeap 'non-profiled nmethods': size=120000Kb used=3073Kb max_used=3073Kb free=116926Kb
 bounds [0x000002288aee0000, 0x000002288b1f0000, 0x0000022892410000]
CodeHeap 'profiled nmethods': size=120000Kb used=14366Kb max_used=14366Kb free=105633Kb
 bounds [0x0000022883410000, 0x0000022884220000, 0x000002288a940000]
CodeHeap 'non-nmethods': size=5760Kb used=1350Kb max_used=1391Kb free=4409Kb
 bounds [0x000002288a940000, 0x000002288abb0000, 0x000002288aee0000]
 total_blobs=6578 nmethods=5901 adapters=588
 compilation: enabled
              stopped_count=0, restarted_count=0
 full_count=0

Compilation events (20 events):
Event: 8.234 Thread 0x0000022898875c40 6695       3       org.jetbrains.kotlin.ir.declarations.lazy.AbstractIrLazyFunction::createInitialSignatureFunction (5 bytes)
Event: 8.234 Thread 0x0000022898875c40 nmethod 6695 0x0000022884218210 code [0x00000228842183e0, 0x0000022884218768]
Event: 8.234 Thread 0x0000022898875c40 6696       3       org.jetbrains.kotlin.ir.declarations.lazy.IrLazyFunction$dispatchReceiverParameter$2::<init> (11 bytes)
Event: 8.234 Thread 0x0000022898875c40 nmethod 6696 0x0000022884218910 code [0x0000022884218ac0, 0x0000022884218cf8]
Event: 8.234 Thread 0x0000022898875c40 6697       3       org.jetbrains.kotlin.ir.declarations.lazy.IrLazyFunction$extensionReceiverParameter$2::<init> (11 bytes)
Event: 8.234 Thread 0x0000022898875c40 nmethod 6697 0x0000022884218e10 code [0x0000022884218fc0, 0x00000228842191f8]
Event: 8.234 Thread 0x0000022898875c40 6698       3       org.jetbrains.kotlin.ir.declarations.lazy.IrLazyFunction$valueParameters$2::<init> (11 bytes)
Event: 8.234 Thread 0x0000022898875c40 nmethod 6698 0x0000022884219310 code [0x00000228842194c0, 0x00000228842196f8]
Event: 8.234 Thread 0x0000022898875c40 6699       3       org.jetbrains.kotlin.ir.declarations.lazy.IrLazyFunction$typeParameters$2::<init> (11 bytes)
Event: 8.235 Thread 0x0000022898875c40 nmethod 6699 0x0000022884219810 code [0x00000228842199c0, 0x0000022884219bf8]
Event: 8.235 Thread 0x00000228988664a0 nmethod 6680 0x000002288b1da990 code [0x000002288b1dad80, 0x000002288b1dd3e0]
Event: 8.236 Thread 0x00000228988664a0 6668       4       java.util.regex.Matcher::search (154 bytes)
Event: 8.249 Thread 0x0000022898875c40 6701       1       org.jetbrains.kotlin.ir.expressions.impl.IrBlockBodyImpl::getStatements (5 bytes)
Event: 8.249 Thread 0x0000022898875c40 nmethod 6701 0x000002288b1dee90 code [0x000002288b1df020, 0x000002288b1df0f8]
Event: 8.250 Thread 0x00000228988664a0 nmethod 6668 0x000002288b1df190 code [0x000002288b1df360, 0x000002288b1dfae8]
Event: 8.250 Thread 0x00000228988664a0 6700  s!   4       jdk.internal.loader.URLClassPath::getLoader (194 bytes)
Event: 8.251 Thread 0x0000022898875c40 6702       1       org.jetbrains.kotlin.backend.common.phaser.PhaserState::getDepth (5 bytes)
Event: 8.251 Thread 0x0000022898875c40 nmethod 6702 0x000002288b1e0190 code [0x000002288b1e0320, 0x000002288b1e03f8]
Event: 8.251 Thread 0x0000022898875c40 6703       1       org.jetbrains.kotlin.backend.common.phaser.PhaserState::getAlreadyDone (5 bytes)
Event: 8.251 Thread 0x0000022898875c40 nmethod 6703 0x000002288b1e0490 code [0x000002288b1e0620, 0x000002288b1e06f8]

GC Heap History (20 events):
Event: 3.924 GC heap after
{Heap after GC invocations=11 (full 0):
 garbage-first heap   total 61440K, used 25743K [0x0000000742800000, 0x0000000800000000)
  region size 2048K, 1 young (2048K), 1 survivors (2048K)
 Metaspace       used 45541K, committed 45760K, reserved 1114112K
  class space    used 5607K, committed 5696K, reserved 1048576K
}
Event: 4.256 GC heap before
{Heap before GC invocations=11 (full 0):
 garbage-first heap   total 61440K, used 46223K [0x0000000742800000, 0x0000000800000000)
  region size 2048K, 11 young (22528K), 1 survivors (2048K)
 Metaspace       used 46683K, committed 46912K, reserved 1114112K
  class space    used 5703K, committed 5760K, reserved 1048576K
}
Event: 4.263 GC heap after
{Heap after GC invocations=12 (full 0):
 garbage-first heap   total 61440K, used 29006K [0x0000000742800000, 0x0000000800000000)
  region size 2048K, 2 young (4096K), 2 survivors (4096K)
 Metaspace       used 46683K, committed 46912K, reserved 1114112K
  class space    used 5703K, committed 5760K, reserved 1048576K
}
Event: 4.373 GC heap before
{Heap before GC invocations=12 (full 0):
 garbage-first heap   total 61440K, used 43342K [0x0000000742800000, 0x0000000800000000)
  region size 2048K, 10 young (20480K), 2 survivors (4096K)
 Metaspace       used 46769K, committed 46912K, reserved 1114112K
  class space    used 5703K, committed 5760K, reserved 1048576K
}
Event: 4.383 GC heap after
{Heap after GC invocations=13 (full 0):
 garbage-first heap   total 61440K, used 32532K [0x0000000742800000, 0x0000000800000000)
  region size 2048K, 2 young (4096K), 2 survivors (4096K)
 Metaspace       used 46769K, committed 46912K, reserved 1114112K
  class space    used 5703K, committed 5760K, reserved 1048576K
}
Event: 4.426 GC heap before
{Heap before GC invocations=13 (full 0):
 garbage-first heap   total 61440K, used 44820K [0x0000000742800000, 0x0000000800000000)
  region size 2048K, 8 young (16384K), 2 survivors (4096K)
 Metaspace       used 46797K, committed 46976K, reserved 1114112K
  class space    used 5703K, committed 5760K, reserved 1048576K
}
Event: 4.430 GC heap after
{Heap after GC invocations=14 (full 0):
 garbage-first heap   total 79872K, used 32007K [0x0000000742800000, 0x0000000800000000)
  region size 2048K, 1 young (2048K), 1 survivors (2048K)
 Metaspace       used 46797K, committed 46976K, reserved 1114112K
  class space    used 5703K, committed 5760K, reserved 1048576K
}
Event: 5.007 GC heap before
{Heap before GC invocations=15 (full 0):
 garbage-first heap   total 79872K, used 60679K [0x0000000742800000, 0x0000000800000000)
  region size 2048K, 15 young (30720K), 1 survivors (2048K)
 Metaspace       used 49316K, committed 49600K, reserved 1114112K
  class space    used 5976K, committed 6144K, reserved 1048576K
}
Event: 5.016 GC heap after
{Heap after GC invocations=16 (full 0):
 garbage-first heap   total 79872K, used 34988K [0x0000000742800000, 0x0000000800000000)
  region size 2048K, 2 young (4096K), 2 survivors (4096K)
 Metaspace       used 49316K, committed 49600K, reserved 1114112K
  class space    used 5976K, committed 6144K, reserved 1048576K
}
Event: 5.616 GC heap before
{Heap before GC invocations=16 (full 0):
 garbage-first heap   total 79872K, used 59564K [0x0000000742800000, 0x0000000800000000)
  region size 2048K, 14 young (28672K), 2 survivors (4096K)
 Metaspace       used 51788K, committed 52032K, reserved 1114112K
  class space    used 6273K, committed 6400K, reserved 1048576K
}
Event: 5.628 GC heap after
{Heap after GC invocations=17 (full 0):
 garbage-first heap   total 79872K, used 39818K [0x0000000742800000, 0x0000000800000000)
  region size 2048K, 2 young (4096K), 2 survivors (4096K)
 Metaspace       used 51788K, committed 52032K, reserved 1114112K
  class space    used 6273K, committed 6400K, reserved 1048576K
}
Event: 6.368 GC heap before
{Heap before GC invocations=17 (full 0):
 garbage-first heap   total 79872K, used 60298K [0x0000000742800000, 0x0000000800000000)
  region size 2048K, 12 young (24576K), 2 survivors (4096K)
 Metaspace       used 52963K, committed 53248K, reserved 1114112K
  class space    used 6319K, committed 6464K, reserved 1048576K
}
Event: 6.385 GC heap after
{Heap after GC invocations=18 (full 0):
 garbage-first heap   total 79872K, used 44060K [0x0000000742800000, 0x0000000800000000)
  region size 2048K, 2 young (4096K), 2 survivors (4096K)
 Metaspace       used 52963K, committed 53248K, reserved 1114112K
  class space    used 6319K, committed 6464K, reserved 1048576K
}
Event: 7.146 GC heap before
{Heap before GC invocations=19 (full 0):
 garbage-first heap   total 79872K, used 60444K [0x0000000742800000, 0x0000000800000000)
  region size 2048K, 10 young (20480K), 2 survivors (4096K)
 Metaspace       used 55240K, committed 55488K, reserved 1114112K
  class space    used 6588K, committed 6720K, reserved 1048576K
}
Event: 7.161 GC heap after
{Heap after GC invocations=20 (full 0):
 garbage-first heap   total 79872K, used 46062K [0x0000000742800000, 0x0000000800000000)
  region size 2048K, 1 young (2048K), 1 survivors (2048K)
 Metaspace       used 55240K, committed 55488K, reserved 1114112K
  class space    used 6588K, committed 6720K, reserved 1048576K
}
Event: 7.441 GC heap before
{Heap before GC invocations=20 (full 0):
 garbage-first heap   total 79872K, used 60398K [0x0000000742800000, 0x0000000800000000)
  region size 2048K, 9 young (18432K), 1 survivors (2048K)
 Metaspace       used 57653K, committed 57856K, reserved 1114112K
  class space    used 6868K, committed 6976K, reserved 1048576K
}
Event: 7.459 GC heap after
{Heap after GC invocations=21 (full 0):
 garbage-first heap   total 79872K, used 48477K [0x0000000742800000, 0x0000000800000000)
  region size 2048K, 2 young (4096K), 2 survivors (4096K)
 Metaspace       used 57653K, committed 57856K, reserved 1114112K
  class space    used 6868K, committed 6976K, reserved 1048576K
}
Event: 7.801 GC heap before
{Heap before GC invocations=22 (full 0):
 garbage-first heap   total 90112K, used 60765K [0x0000000742800000, 0x0000000800000000)
  region size 2048K, 9 young (18432K), 2 survivors (4096K)
 Metaspace       used 59927K, committed 60160K, reserved 1114112K
  class space    used 7062K, committed 7168K, reserved 1048576K
}
Event: 7.814 GC heap after
{Heap after GC invocations=23 (full 0):
 garbage-first heap   total 90112K, used 50457K [0x0000000742800000, 0x0000000800000000)
  region size 2048K, 1 young (2048K), 1 survivors (2048K)
 Metaspace       used 59927K, committed 60160K, reserved 1114112K
  class space    used 7062K, committed 7168K, reserved 1048576K
}
Event: 8.253 GC heap before
{Heap before GC invocations=23 (full 0):
 garbage-first heap   total 90112K, used 70937K [0x0000000742800000, 0x0000000800000000)
  region size 2048K, 11 young (22528K), 1 survivors (2048K)
 Metaspace       used 64791K, committed 65024K, reserved 1114112K
  class space    used 7576K, committed 7680K, reserved 1048576K
}

Dll operation events (2 events):
Event: 0.007 Loaded shared library D:\android-studio\jbr\bin\java.dll
Event: 1.796 Loaded shared library D:\android-studio\jbr\bin\verify.dll

Deoptimization events (20 events):
Event: 8.045 Thread 0x00000228fcb82a80 Uncommon trap: trap_request=0xffffffde fr.pc=0x000002288aee5614 relative=0x0000000000000534
Event: 8.045 Thread 0x00000228fcb82a80 Uncommon trap: reason=class_check action=maybe_recompile pc=0x000002288aee5614 method=java.util.regex.Matcher.search(I)Z @ 121 c2
Event: 8.045 Thread 0x00000228fcb82a80 DEOPT PACKING pc=0x000002288aee5614 sp=0x000000f915efd5e0
Event: 8.045 Thread 0x00000228fcb82a80 DEOPT UNPACKING pc=0x000002288a9969a3 sp=0x000000f915efd538 mode 2
Event: 8.045 Thread 0x00000228fcb82a80 Uncommon trap: trap_request=0xffffffde fr.pc=0x000002288b078d58 relative=0x00000000000004f8
Event: 8.045 Thread 0x00000228fcb82a80 Uncommon trap: reason=class_check action=maybe_recompile pc=0x000002288b078d58 method=java.util.regex.Matcher.search(I)Z @ 121 c2
Event: 8.045 Thread 0x00000228fcb82a80 DEOPT PACKING pc=0x000002288b078d58 sp=0x000000f915efd570
Event: 8.045 Thread 0x00000228fcb82a80 DEOPT UNPACKING pc=0x000002288a9969a3 sp=0x000000f915efd540 mode 2
Event: 8.119 Thread 0x00000228fcb82a80 Uncommon trap: trap_request=0xffffffde fr.pc=0x000002288b089608 relative=0x0000000000001888
Event: 8.119 Thread 0x00000228fcb82a80 Uncommon trap: reason=class_check action=maybe_recompile pc=0x000002288b089608 method=org.jetbrains.kotlin.serialization.deserialization.descriptors.DeserializedPackageMemberScope.hasClass(Lorg/jetbrains/kotlin/name/Name;)Z @ 79 c2
Event: 8.119 Thread 0x00000228fcb82a80 DEOPT PACKING pc=0x000002288b089608 sp=0x000000f915efc1e0
Event: 8.119 Thread 0x00000228fcb82a80 DEOPT UNPACKING pc=0x000002288a9969a3 sp=0x000000f915efc120 mode 2
Event: 8.119 Thread 0x00000228fcb82a80 Uncommon trap: trap_request=0xffffffc6 fr.pc=0x000002288b119864 relative=0x0000000000000c24
Event: 8.119 Thread 0x00000228fcb82a80 Uncommon trap: reason=bimorphic_or_optimized_type_check action=maybe_recompile pc=0x000002288b119864 method=kotlin.collections.CollectionsKt___CollectionsKt.toList(Ljava/lang/Iterable;)Ljava/util/List; @ 71 c2
Event: 8.119 Thread 0x00000228fcb82a80 DEOPT PACKING pc=0x000002288b119864 sp=0x000000f915efc510
Event: 8.119 Thread 0x00000228fcb82a80 DEOPT UNPACKING pc=0x000002288a9969a3 sp=0x000000f915efc4e0 mode 2
Event: 8.119 Thread 0x00000228fcb82a80 Uncommon trap: trap_request=0xffffffde fr.pc=0x000002288b079884 relative=0x00000000000000e4
Event: 8.119 Thread 0x00000228fcb82a80 Uncommon trap: reason=class_check action=maybe_recompile pc=0x000002288b079884 method=java.util.Collections$UnmodifiableCollection$1.next()Ljava/lang/Object; @ 4 c2
Event: 8.119 Thread 0x00000228fcb82a80 DEOPT PACKING pc=0x000002288b079884 sp=0x000000f915efc4c0
Event: 8.119 Thread 0x00000228fcb82a80 DEOPT UNPACKING pc=0x000002288a9969a3 sp=0x000000f915efc470 mode 2

Classes unloaded (0 events):
No events

Classes redefined (0 events):
No events

Internal exceptions (20 events):
Event: 1.696 Thread 0x00000228fcb82a80 Exception <a 'java/lang/NoSuchMethodError'{0x00000007447728e0}: 'void java.lang.invoke.DirectMethodHandle$Holder.invokeStatic(java.lang.Object, java.lang.Object, java.lang.Object, java.lang.Object)'> (0x00000007447728e0) 
thrown [s\src\hotspot\share\interpreter\linkResolver.cpp, line 771]
Event: 1.766 Thread 0x00000228fcb82a80 Exception <a 'java/lang/NoSuchMethodError'{0x0000000744340340}: 'void java.lang.invoke.DirectMethodHandle$Holder.invokeStaticInit(java.lang.Object, java.lang.Object)'> (0x0000000744340340) 
thrown [s\src\hotspot\share\interpreter\linkResolver.cpp, line 771]
Event: 1.941 Thread 0x00000228fcb82a80 Exception <a 'java/lang/NoSuchMethodError'{0x0000000743c0eec0}: 'void java.lang.invoke.DirectMethodHandle$Holder.invokeVirtual(java.lang.Object, java.lang.Object)'> (0x0000000743c0eec0) 
thrown [s\src\hotspot\share\interpreter\linkResolver.cpp, line 771]
Event: 1.950 Thread 0x00000228fcb82a80 Exception <a 'java/lang/NoSuchMethodError'{0x0000000743c59f58}: 'int java.lang.invoke.DirectMethodHandle$Holder.invokeVirtual(java.lang.Object, java.lang.Object)'> (0x0000000743c59f58) 
thrown [s\src\hotspot\share\interpreter\linkResolver.cpp, line 771]
Event: 1.973 Thread 0x00000228fcb82a80 Exception <a 'java/lang/NoSuchMethodError'{0x0000000743cf16b0}: 'java.lang.Object java.lang.invoke.Invokers$Holder.invokeExact_MT(java.lang.Object, java.lang.Object, java.lang.Object, java.lang.Object, java.lang.Object, java.lang.Object)'> (0x0000000743cf16b0) 
thrown [s\src\hotspot\share\interpreter\linkResolver.cpp, line 771]
Event: 2.542 Thread 0x00000228fcb82a80 Implicit null exception at 0x000002288aef9572 to 0x000002288aef9bcc
Event: 2.650 Thread 0x00000228fcb82a80 Implicit null exception at 0x000002288aefaa72 to 0x000002288aefb0ec
Event: 2.691 Thread 0x00000228fcb82a80 Exception <a 'java/lang/NoSuchMethodError'{0x0000000744af9430}: 'java.lang.Object java.lang.invoke.DirectMethodHandle$Holder.invokeVirtual(java.lang.Object, java.lang.Object, java.lang.Object)'> (0x0000000744af9430) 
thrown [s\src\hotspot\share\interpreter\linkResolver.cpp, line 771]
Event: 3.698 Thread 0x00000228fcb82a80 Exception <a 'java/lang/NoSuchMethodError'{0x0000000745771db0}: 'java.lang.Object java.lang.invoke.DirectMethodHandle$Holder.newInvokeSpecial(java.lang.Object, java.lang.Object, int)'> (0x0000000745771db0) 
thrown [s\src\hotspot\share\interpreter\linkResolver.cpp, line 771]
Event: 3.714 Thread 0x00000228fcb82a80 Implicit null exception at 0x000002288b020f4c to 0x000002288b021054
Event: 5.106 Thread 0x00000228fcb82a80 Exception <a 'java/lang/NoSuchMethodError'{0x000000074c034988}: 'java.lang.Object java.lang.invoke.DirectMethodHandle$Holder.newInvokeSpecial(java.lang.Object, java.lang.Object, java.lang.Object, int)'> (0x000000074c034988) 
thrown [s\src\hotspot\share\interpreter\linkResolver.cpp, line 771]
Event: 5.106 Thread 0x00000228fcb82a80 Exception <a 'java/lang/NoSuchMethodError'{0x000000074c038d68}: 'java.lang.Object java.lang.invoke.DirectMethodHandle$Holder.invokeSpecial(java.lang.Object, java.lang.Object, java.lang.Object, java.lang.Object, int)'> (0x000000074c038d68) 
thrown [s\src\hotspot\share\interpreter\linkResolver.cpp, line 771]
Event: 5.106 Thread 0x00000228fcb82a80 Exception <a 'java/lang/NoSuchMethodError'{0x000000074c03c930}: 'java.lang.Object java.lang.invoke.Invokers$Holder.linkToTargetMethod(java.lang.Object, java.lang.Object, int, java.lang.Object)'> (0x000000074c03c930) 
thrown [s\src\hotspot\share\interpreter\linkResolver.cpp, line 771]
Event: 5.671 Thread 0x00000228fcb82a80 Exception <a 'java/lang/NoSuchMethodError'{0x000000074e5c6d38}: 'java.lang.Object java.lang.invoke.DirectMethodHandle$Holder.invokeStaticInit(java.lang.Object, java.lang.Object, java.lang.Object)'> (0x000000074e5c6d38) 
thrown [s\src\hotspot\share\interpreter\linkResolver.cpp, line 771]
Event: 6.722 Thread 0x00000228fcb82a80 Exception <a 'java/lang/NoSuchMethodError'{0x000000074c39c290}: 'java.lang.Object java.lang.invoke.DirectMethodHandle$Holder.newInvokeSpecial(java.lang.Object, java.lang.Object, java.lang.Object, java.lang.Object, java.lang.Object, java.lang.Object)'> (0x000000074c39c290) 
thrown [s\src\hotspot\share\interpreter\linkResolver.cpp, line 771]
Event: 6.735 Thread 0x00000228fcb82a80 Exception <a 'java/lang/NoSuchMethodError'{0x000000074c0392e8}: 'int java.lang.invoke.DirectMethodHandle$Holder.invokeStaticInit(java.lang.Object, int)'> (0x000000074c0392e8) 
thrown [s\src\hotspot\share\interpreter\linkResolver.cpp, line 771]
Event: 7.049 Thread 0x00000228fcb82a80 Implicit null exception at 0x000002288b0f62cc to 0x000002288b0f66e4
Event: 7.055 Thread 0x00000228fcb82a80 Implicit null exception at 0x000002288afb8e6f to 0x000002288afb90d0
Event: 7.057 Thread 0x00000228fcb82a80 Implicit null exception at 0x000002288af2e10f to 0x000002288af2e39c
Event: 7.566 Thread 0x00000228fcb82a80 Implicit null exception at 0x000002288af455e0 to 0x000002288af4567a

VM Operations (20 events):
Event: 7.960 Executing VM operation: HandshakeAllThreads done
Event: 7.961 Executing VM operation: HandshakeAllThreads
Event: 7.961 Executing VM operation: HandshakeAllThreads done
Event: 7.970 Executing VM operation: HandshakeAllThreads
Event: 7.970 Executing VM operation: HandshakeAllThreads done
Event: 7.992 Executing VM operation: HandshakeAllThreads
Event: 7.992 Executing VM operation: HandshakeAllThreads done
Event: 8.001 Executing VM operation: HandshakeAllThreads
Event: 8.001 Executing VM operation: HandshakeAllThreads done
Event: 8.006 Executing VM operation: HandshakeAllThreads
Event: 8.006 Executing VM operation: HandshakeAllThreads done
Event: 8.047 Executing VM operation: ICBufferFull
Event: 8.047 Executing VM operation: ICBufferFull done
Event: 8.090 Executing VM operation: HandshakeAllThreads
Event: 8.090 Executing VM operation: HandshakeAllThreads done
Event: 8.167 Executing VM operation: HandshakeAllThreads
Event: 8.167 Executing VM operation: HandshakeAllThreads done
Event: 8.173 Executing VM operation: HandshakeAllThreads
Event: 8.173 Executing VM operation: HandshakeAllThreads done
Event: 8.253 Executing VM operation: G1CollectForAllocation

Events (20 events):
Event: 7.136 loading class jdk/internal/math/FloatingDecimal$ExceptionalBinaryToASCIIBuffer done
Event: 7.136 loading class jdk/internal/math/FloatingDecimal$BinaryToASCIIBuffer
Event: 7.136 loading class jdk/internal/math/FloatingDecimal$BinaryToASCIIBuffer done
Event: 7.136 loading class jdk/internal/math/FloatingDecimal$1
Event: 7.136 loading class jdk/internal/math/FloatingDecimal$1 done
Event: 7.136 loading class jdk/internal/math/FloatingDecimal$PreparedASCIIToBinaryBuffer
Event: 7.136 loading class jdk/internal/math/FloatingDecimal$ASCIIToBinaryConverter
Event: 7.136 loading class jdk/internal/math/FloatingDecimal$ASCIIToBinaryConverter done
Event: 7.136 loading class jdk/internal/math/FloatingDecimal$PreparedASCIIToBinaryBuffer done
Event: 7.137 loading class jdk/internal/math/FloatingDecimal$ASCIIToBinaryBuffer
Event: 7.137 loading class jdk/internal/math/FloatingDecimal$ASCIIToBinaryBuffer done
Event: 7.194 loading class java/util/regex/Pattern$Bound
Event: 7.194 loading class java/util/regex/Pattern$Bound done
Event: 7.195 loading class java/util/regex/Pattern$LookBehindEndNode
Event: 7.195 loading class java/util/regex/Pattern$LookBehindEndNode done
Event: 7.195 loading class java/util/regex/Pattern$NotBehind
Event: 7.195 loading class java/util/regex/Pattern$NotBehind done
Event: 7.676 Thread 0x0000022898880770 flushing nmethod 0x00000228837f1990
Event: 7.678 Thread 0x0000022898880770 flushing nmethod 0x0000022883bada10
Event: 7.680 Thread 0x0000022898880770 flushing nmethod 0x0000022883f26690


Dynamic libraries:
0x00007ff641350000 - 0x00007ff64135a000 	D:\android-studio\jbr\bin\java.exe
0x00007ff957cf0000 - 0x00007ff957f07000 	C:\WINDOWS\SYSTEM32\ntdll.dll
0x00007ff955ab0000 - 0x00007ff955b74000 	C:\WINDOWS\System32\KERNEL32.DLL
0x00007ff9552d0000 - 0x00007ff955689000 	C:\WINDOWS\System32\KERNELBASE.dll
0x00007ff9558f0000 - 0x00007ff955a01000 	C:\WINDOWS\System32\ucrtbase.dll
0x00007ff94f840000 - 0x00007ff94f85b000 	D:\android-studio\jbr\bin\VCRUNTIME140.dll
0x00007ff93d480000 - 0x00007ff93d497000 	D:\android-studio\jbr\bin\jli.dll
0x00007ff93f000000 - 0x00007ff93f293000 	C:\WINDOWS\WinSxS\amd64_microsoft.windows.common-controls_6595b64144ccf1df_6.0.22621.4155_none_2711777f73843f1c\COMCTL32.dll
0x00007ff957110000 - 0x00007ff9572bf000 	C:\WINDOWS\System32\USER32.dll
0x00007ff956990000 - 0x00007ff956a37000 	C:\WINDOWS\System32\msvcrt.dll
0x00007ff955750000 - 0x00007ff955776000 	C:\WINDOWS\System32\win32u.dll
0x00007ff956960000 - 0x00007ff956989000 	C:\WINDOWS\System32\GDI32.dll
0x00007ff955110000 - 0x00007ff955229000 	C:\WINDOWS\System32\gdi32full.dll
0x00007ff955070000 - 0x00007ff95510a000 	C:\WINDOWS\System32\msvcp_win.dll
0x00007ff957c70000 - 0x00007ff957ca1000 	C:\WINDOWS\System32\IMM32.DLL
0x00007ff951e20000 - 0x00007ff951e2c000 	D:\android-studio\jbr\bin\vcruntime140_1.dll
0x00007ff9269c0000 - 0x00007ff926a4d000 	D:\android-studio\jbr\bin\msvcp140.dll
0x00007ff8cb270000 - 0x00007ff8cbef0000 	D:\android-studio\jbr\bin\server\jvm.dll
0x00007ff9579f0000 - 0x00007ff957aa2000 	C:\WINDOWS\System32\ADVAPI32.dll
0x00007ff957660000 - 0x00007ff957709000 	C:\WINDOWS\System32\sechost.dll
0x00007ff9552a0000 - 0x00007ff9552c8000 	C:\WINDOWS\System32\bcrypt.dll
0x00007ff956a40000 - 0x00007ff956b54000 	C:\WINDOWS\System32\RPCRT4.dll
0x00007ff94f820000 - 0x00007ff94f829000 	C:\WINDOWS\SYSTEM32\WSOCK32.dll
0x00007ff94c9c0000 - 0x00007ff94c9f4000 	C:\WINDOWS\SYSTEM32\WINMM.dll
0x00007ff94ed20000 - 0x00007ff94ed2a000 	C:\WINDOWS\SYSTEM32\VERSION.dll
0x00007ff9568d0000 - 0x00007ff956941000 	C:\WINDOWS\System32\ws2_32.DLL
0x00007ff954000000 - 0x00007ff954018000 	C:\WINDOWS\SYSTEM32\kernel.appcore.dll
0x00007ff94ed10000 - 0x00007ff94ed1a000 	D:\android-studio\jbr\bin\jimage.dll
0x00007ff951f00000 - 0x00007ff952132000 	C:\WINDOWS\SYSTEM32\DBGHELP.DLL
0x00007ff956540000 - 0x00007ff9568cf000 	C:\WINDOWS\System32\combase.dll
0x00007ff955be0000 - 0x00007ff955cb7000 	C:\WINDOWS\System32\OLEAUT32.dll
0x00007ff927490000 - 0x00007ff9274c2000 	C:\WINDOWS\SYSTEM32\dbgcore.DLL
0x00007ff954ff0000 - 0x00007ff95506b000 	C:\WINDOWS\System32\bcryptPrimitives.dll
0x00007ff93efb0000 - 0x00007ff93efd5000 	D:\android-studio\jbr\bin\java.dll
0x00007ff93ef60000 - 0x00007ff93ef78000 	D:\android-studio\jbr\bin\zip.dll
0x00007ff955cc0000 - 0x00007ff956533000 	C:\WINDOWS\System32\SHELL32.dll
0x00007ff952f20000 - 0x00007ff953820000 	C:\WINDOWS\SYSTEM32\windows.storage.dll
0x00007ff952de0000 - 0x00007ff952f1f000 	C:\WINDOWS\SYSTEM32\wintypes.dll
0x00007ff957870000 - 0x00007ff957969000 	C:\WINDOWS\System32\SHCORE.dll
0x00007ff955b80000 - 0x00007ff955bde000 	C:\WINDOWS\System32\shlwapi.dll
0x00007ff954f20000 - 0x00007ff954f46000 	C:\WINDOWS\SYSTEM32\profapi.dll
0x00007ff93ef40000 - 0x00007ff93ef59000 	D:\android-studio\jbr\bin\net.dll
0x00007ff94eb10000 - 0x00007ff94ec46000 	C:\WINDOWS\SYSTEM32\WINHTTP.dll
0x00007ff954480000 - 0x00007ff9544e9000 	C:\WINDOWS\system32\mswsock.dll
0x00007ff93e8f0000 - 0x00007ff93e906000 	D:\android-studio\jbr\bin\nio.dll
0x00007ff93e8e0000 - 0x00007ff93e8f0000 	D:\android-studio\jbr\bin\verify.dll

dbghelp: loaded successfully - version: 4.0.5 - missing functions: none
symbol engine: initialized successfully - sym options: 0x614 - pdb path: .;D:\android-studio\jbr\bin;C:\WINDOWS\SYSTEM32;C:\WINDOWS\WinSxS\amd64_microsoft.windows.common-controls_6595b64144ccf1df_6.0.22621.4155_none_2711777f73843f1c;D:\android-studio\jbr\bin\server

VM Arguments:
java_command: org.jetbrains.kotlin.cli.jvm.K2JVMCompiler @C:\Users\pawan\AndroidStudioProjects\WishlistApp\app\build\20240929_18122408188295019075.compiler.options
java_class_path (initial): C:\Users\pawan\.gradle\caches\modules-2\files-2.1\org.jetbrains.kotlin\kotlin-compiler-embeddable\1.9.0\2c8c3a7402becca891f12739b3e9fd2dc2adbd7a\kotlin-compiler-embeddable-1.9.0.jar;C:\Users\pawan\.gradle\caches\modules-2\files-2.1\org.jetbrains.kotlin\kotlin-stdlib\1.9.0\8ee15ef0c67dc83d874f412d84378d7f0eb50b63\kotlin-stdlib-1.9.0.jar;C:\Users\pawan\.gradle\caches\modules-2\files-2.1\org.jetbrains.kotlin\kotlin-script-runtime\1.9.0\4b3102cbbb7e1b58d9d1adf89563f00069ffa7d1\kotlin-script-runtime-1.9.0.jar;C:\Users\pawan\.gradle\caches\modules-2\files-2.1\org.jetbrains.kotlin\kotlin-reflect\1.6.10\1cbe9c92c12a94eea200d23c2bbaedaf3daf5132\kotlin-reflect-1.6.10.jar;C:\Users\pawan\.gradle\caches\modules-2\files-2.1\org.jetbrains.kotlin\kotlin-daemon-embeddable\1.9.0\186543f5e28cf8d9a0290fecc2cf34301c40a65c\kotlin-daemon-embeddable-1.9.0.jar;C:\Users\pawan\.gradle\caches\modules-2\files-2.1\org.jetbrains.intellij.deps\trove4j\1.0.20200330\3afb14d5f9ceb459d724e907a21145e8ff394f02\trove4j-1.0.20200330.jar;C:\Users\pawan\.gradle\caches\modules-2\files-2.1\org.jetbrains.kotlin\kotlin-stdlib-common\1.9.0\cd65c21cfd1eec4d44ef09f9f52b6d9f8a720636\kotlin-stdlib-common-1.9.0.jar;C:\Users\pawan\.gradle\caches\modules-2\files-2.1\org.jetbrains\annotations\13.0\919f0dfe192fb4e063e7dacadee7f8bb9a2672a9\annotations-13.0.jar
Launcher Type: SUN_STANDARD

[Global flags]
     intx CICompilerCount                          = 3                                         {product} {ergonomic}
     uint ConcGCThreads                            = 1                                         {product} {ergonomic}
     uint G1ConcRefinementThreads                  = 4                                         {product} {ergonomic}
   size_t G1HeapRegionSize                         = 2097152                                   {product} {ergonomic}
    uintx GCDrainStackTargetSize                   = 64                                        {product} {ergonomic}
   size_t InitialHeapSize                          = 199229440                                 {product} {ergonomic}
   size_t MarkStackSize                            = 4194304                                   {product} {ergonomic}
   size_t MaxHeapSize                              = 3179282432                                {product} {ergonomic}
   size_t MaxNewSize                               = 1906311168                                {product} {ergonomic}
   size_t MinHeapDeltaBytes                        = 2097152                                   {product} {ergonomic}
   size_t MinHeapSize                              = 8388608                                   {product} {ergonomic}
    uintx NonNMethodCodeHeapSize                   = 5832780                                {pd product} {ergonomic}
    uintx NonProfiledCodeHeapSize                  = 122912730                              {pd product} {ergonomic}
    uintx ProfiledCodeHeapSize                     = 122912730                              {pd product} {ergonomic}
    uintx ReservedCodeCacheSize                    = 251658240                              {pd product} {ergonomic}
     bool SegmentedCodeCache                       = true                                      {product} {ergonomic}
   size_t SoftMaxHeapSize                          = 3179282432                             {manageable} {ergonomic}
     bool UseCompressedClassPointers               = true                           {product lp64_product} {ergonomic}
     bool UseCompressedOops                        = true                           {product lp64_product} {ergonomic}
     bool UseG1GC                                  = true                                      {product} {ergonomic}
     bool UseLargePagesIndividualAllocation        = false                                  {pd product} {ergonomic}

Logging:
Log output configuration:
 #0: stdout all=warning uptime,level,tags
 #1: stderr all=off uptime,level,tags

Environment Variables:
PATH=C:\Program Files (x86)\VMware\VMware Workstation\bin\;C:\Python312\Scripts\;C:\Python312\;C:\Python311\Scripts\;C:\Python311\;C:\WINDOWS\system32;C:\WINDOWS;C:\WINDOWS\System32\Wbem;C:\WINDOWS\System32\WindowsPowerShell\v1.0\;C:\WINDOWS\System32\OpenSSH\;C:\Program Files\Java\jdk-18.0.2\bin;C:\msys64\mingw64\bin;C:\ProgramData\chocolatey\bin;C:\msys64\mingw64\bin;C:\MinGW\bin;C:\Program Files\nodejs\;C:\Program Files\Git\cmd;C:\Users\pawan\AppData\Roaming\Microsoft\Windows\Start Menu;C:\Users\pawan\AppData\Local\Microsoft\WindowsApps;C:\MinGW\bin;C:\Program Files\JetBrains\WebStorm 2023.1.2\bin;;C:\Users\pawan\AppData\Local\Programs\Microsoft VS Code\bin;C:\Users\pawan\AppData\Roaming\npm;C:\Users\pawan\AppData\Local\GitHubDesktop\bin
USERNAME=pawan
OS=Windows_NT
PROCESSOR_IDENTIFIER=Intel64 Family 6 Model 142 Stepping 12, GenuineIntel
TMP=C:\Users\pawan\AppData\Local\Temp
TEMP=C:\Users\pawan\AppData\Local\Temp


JNI global refs:
JNI global refs: 8, weak refs: 1

JNI global refs memory usage: 843, weak refs: 841

OOME stack traces (most recent first):
Classloader memory used:
Loader jdk.internal.loader.ClassLoaders$AppClassLoader                                 : 6723K
Loader bootstrap                                                                       : 1340K
Loader java.net.URLClassLoader                                                         : 23138B
Loader jdk.internal.reflect.DelegatingClassLoader                                      : 10224B
Loader jdk.internal.loader.ClassLoaders$PlatformClassLoader                            : 2276B


---------------  S Y S T E M  ---------------

OS:
 Windows 11 , 64 bit Build 22621 (10.0.22621.4000)
OS uptime: 2 days 2:30 hours
Hyper-V role detected

CPU: total 4 (initial active 4) (2 cores per cpu, 2 threads per core) family 6 model 142 stepping 12 microcode 0xf0, cx8, cmov, fxsr, ht, mmx, 3dnowpref, sse, sse2, sse3, ssse3, sse4.1, sse4.2, popcnt, lzcnt, tsc, tscinvbit, avx, avx2, aes, erms, clmul, bmi1, bmi2, adx, fma, vzeroupper, clflush, clflushopt, hv

Memory: 4k page, system-wide physical 12122M (963M free)
TotalPageFile size 12122M (AvailPageFile size 24M)
current process WorkingSet (physical memory assigned to process): 257M, peak: 257M
current process commit charge ("private bytes"): 283M, peak: 306M

vm_info: OpenJDK 64-Bit Server VM (17.0.7+0-b2043.56-10550314) for windows-amd64 JRE (17.0.7+0-b2043.56-10550314), built on Jul 24 2023 18:27:45 by "androidbuild" with MS VC++ 16.10 / 16.11 (VS2019)

END.
